<?xml version="1.0" encoding="UTF-8"?>
<!-- Generated by org.testng.reporters.JUnitReportReporter -->
<testsuite hostname="KARTHIKA" failures="0" tests="1" name="seleniumday7.day7" time="29.413" errors="0" timestamp="2 Jun 2023 06:21:31 GMT">
  <testcase classname="seleniumday7.day7" name="verifyTitle" time="29.413"/>
</testsuite> <!-- seleniumday7.day7 -->
