<?xml version="1.0" encoding="UTF-8"?>
<!-- Generated by org.testng.reporters.JUnitReportReporter -->
<testsuite hostname="KARTHIKA" failures="0" tests="4" name="seleniumday7.Calculator" time="0.010" errors="0" timestamp="2 Jun 2023 06:19:31 GMT">
  <testcase classname="seleniumday7.Calculator" name="addition" time="0.010"/>
  <testcase classname="seleniumday7.Calculator" name="multiplication" time="0.000"/>
  <testcase classname="seleniumday7.Calculator" name="division" time="0.000"/>
  <testcase classname="seleniumday7.Calculator" name="subtraction" time="0.000"/>
</testsuite> <!-- seleniumday7.Calculator -->
